<?xml version="1.0" encoding="UTF-8"?>
<testsuite xmlns:xsi="http://www.w3.org/2001/XMLSchema-instance" xsi:noNamespaceSchemaLocation="https://maven.apache.org/surefire/maven-surefire-plugin/xsd/surefire-test-report-3.0.xsd" version="3.0" name="com.apitests.backend.HttpBinApiTests" time="12.255" tests="3" errors="0" skipped="0" failures="0">
  <properties>
    <property name="sun.desktop" value="gnome"/>
    <property name="awt.toolkit" value="sun.awt.X11.XToolkit"/>
    <property name="java.specification.version" value="11"/>
    <property name="sun.cpu.isalist" value=""/>
    <property name="sun.jnu.encoding" value="UTF-8"/>
    <property name="java.class.path" value="/home/nells/study/steam-java-tests-example/target/test-classes:/home/nells/study/steam-java-tests-example/target/classes:/home/nells/.m2/repository/io/rest-assured/rest-assured/3.1.0/rest-assured-3.1.0.jar:/home/nells/.m2/repository/org/codehaus/groovy/groovy/2.4.12/groovy-2.4.12.jar:/home/nells/.m2/repository/org/codehaus/groovy/groovy-xml/2.4.12/groovy-xml-2.4.12.jar:/home/nells/.m2/repository/org/apache/httpcomponents/httpclient/4.5.3/httpclient-4.5.3.jar:/home/nells/.m2/repository/org/apache/httpcomponents/httpmime/4.5.1/httpmime-4.5.1.jar:/home/nells/.m2/repository/org/hamcrest/hamcrest-core/1.3/hamcrest-core-1.3.jar:/home/nells/.m2/repository/org/hamcrest/hamcrest-library/1.3/hamcrest-library-1.3.jar:/home/nells/.m2/repository/org/ccil/cowan/tagsoup/tagsoup/1.2.1/tagsoup-1.2.1.jar:/home/nells/.m2/repository/io/rest-assured/json-path/3.1.0/json-path-3.1.0.jar:/home/nells/.m2/repository/org/codehaus/groovy/groovy-json/2.4.12/groovy-json-2.4.12.jar:/home/nells/.m2/repository/io/rest-assured/rest-assured-common/3.1.0/rest-assured-common-3.1.0.jar:/home/nells/.m2/repository/io/rest-assured/xml-path/3.1.0/xml-path-3.1.0.jar:/home/nells/.m2/repository/org/json/json/20180130/json-20180130.jar:/home/nells/.m2/repository/com/jayway/restassured/rest-assured/2.9.0/rest-assured-2.9.0.jar:/home/nells/.m2/repository/com/jayway/restassured/json-path/2.9.0/json-path-2.9.0.jar:/home/nells/.m2/repository/com/jayway/restassured/rest-assured-common/2.9.0/rest-assured-common-2.9.0.jar:/home/nells/.m2/repository/com/jayway/restassured/xml-path/2.9.0/xml-path-2.9.0.jar:/home/nells/.m2/repository/org/seleniumhq/selenium/selenium-server/3.9.1/selenium-server-3.9.1.jar:/home/nells/.m2/repository/org/seleniumhq/selenium/selenium-java/3.9.1/selenium-java-3.9.1.jar:/home/nells/.m2/repository/org/seleniumhq/selenium/selenium-api/3.9.1/selenium-api-3.9.1.jar:/home/nells/.m2/repository/org/seleniumhq/selenium/selenium-chrome-driver/3.9.1/selenium-chrome-driver-3.9.1.jar:/home/nells/.m2/repository/org/seleniumhq/selenium/selenium-edge-driver/3.9.1/selenium-edge-driver-3.9.1.jar:/home/nells/.m2/repository/org/seleniumhq/selenium/selenium-firefox-driver/3.9.1/selenium-firefox-driver-3.9.1.jar:/home/nells/.m2/repository/org/seleniumhq/selenium/selenium-ie-driver/3.9.1/selenium-ie-driver-3.9.1.jar:/home/nells/.m2/repository/org/seleniumhq/selenium/selenium-opera-driver/3.9.1/selenium-opera-driver-3.9.1.jar:/home/nells/.m2/repository/org/seleniumhq/selenium/selenium-remote-driver/3.9.1/selenium-remote-driver-3.9.1.jar:/home/nells/.m2/repository/org/seleniumhq/selenium/selenium-safari-driver/3.9.1/selenium-safari-driver-3.9.1.jar:/home/nells/.m2/repository/org/seleniumhq/selenium/selenium-support/3.9.1/selenium-support-3.9.1.jar:/home/nells/.m2/repository/com/beust/jcommander/1.72/jcommander-1.72.jar:/home/nells/.m2/repository/net/bytebuddy/byte-buddy/1.7.9/byte-buddy-1.7.9.jar:/home/nells/.m2/repository/org/apache/commons/commons-exec/1.3/commons-exec-1.3.jar:/home/nells/.m2/repository/org/apache/commons/commons-lang3/3.7/commons-lang3-3.7.jar:/home/nells/.m2/repository/org/apache/commons/commons-text/1.1/commons-text-1.1.jar:/home/nells/.m2/repository/commons-codec/commons-codec/1.10/commons-codec-1.10.jar:/home/nells/.m2/repository/commons-io/commons-io/2.6/commons-io-2.6.jar:/home/nells/.m2/repository/commons-logging/commons-logging/1.2/commons-logging-1.2.jar:/home/nells/.m2/repository/commons-net/commons-net/3.6/commons-net-3.6.jar:/home/nells/.m2/repository/org/w3c/css/sac/1.3/sac-1.3.jar:/home/nells/.m2/repository/net/sourceforge/cssparser/cssparser/0.9.24/cssparser-0.9.24.jar:/home/nells/.m2/repository/com/google/code/gson/gson/2.8.2/gson-2.8.2.jar:/home/nells/.m2/repository/com/google/guava/guava/23.6-jre/guava-23.6-jre.jar:/home/nells/.m2/repository/com/google/code/findbugs/jsr305/1.3.9/jsr305-1.3.9.jar:/home/nells/.m2/repository/org/checkerframework/checker-compat-qual/2.0.0/checker-compat-qual-2.0.0.jar:/home/nells/.m2/repository/com/google/errorprone/error_prone_annotations/2.1.3/error_prone_annotations-2.1.3.jar:/home/nells/.m2/repository/com/google/j2objc/j2objc-annotations/1.1/j2objc-annotations-1.1.jar:/home/nells/.m2/repository/org/codehaus/mojo/animal-sniffer-annotations/1.14/animal-sniffer-annotations-1.14.jar:/home/nells/.m2/repository/net/sourceforge/htmlunit/htmlunit/2.29/htmlunit-2.29.jar:/home/nells/.m2/repository/net/sourceforge/htmlunit/htmlunit-core-js/2.28/htmlunit-core-js-2.28.jar:/home/nells/.m2/repository/net/sourceforge/htmlunit/neko-htmlunit/2.28/neko-htmlunit-2.28.jar:/home/nells/.m2/repository/org/apache/httpcomponents/httpcore/4.4.6/httpcore-4.4.6.jar:/home/nells/.m2/repository/net/jcip/jcip-annotations/1.0/jcip-annotations-1.0.jar:/home/nells/.m2/repository/org/seleniumhq/selenium/jetty-repacked/9.4.7.v20171121/jetty-repacked-9.4.7.v20171121.jar:/home/nells/.m2/repository/org/eclipse/jetty/jetty-client/9.4.7.v20170914/jetty-client-9.4.7.v20170914.jar:/home/nells/.m2/repository/org/eclipse/jetty/jetty-http/9.4.8.v20171121/jetty-http-9.4.8.v20171121.jar:/home/nells/.m2/repository/org/eclipse/jetty/jetty-io/9.4.8.v20171121/jetty-io-9.4.8.v20171121.jar:/home/nells/.m2/repository/org/eclipse/jetty/jetty-util/9.4.8.v20171121/jetty-util-9.4.8.v20171121.jar:/home/nells/.m2/repository/org/eclipse/jetty/jetty-xml/9.4.7.v20170914/jetty-xml-9.4.7.v20170914.jar:/home/nells/.m2/repository/com/squareup/okhttp3/okhttp/3.9.1/okhttp-3.9.1.jar:/home/nells/.m2/repository/com/squareup/okio/okio/1.13.0/okio-1.13.0.jar:/home/nells/.m2/repository/org/seleniumhq/selenium/htmlunit-driver/2.29.0/htmlunit-driver-2.29.0.jar:/home/nells/.m2/repository/javax/servlet/javax.servlet-api/3.1.0/javax.servlet-api-3.1.0.jar:/home/nells/.m2/repository/org/eclipse/jetty/websocket/websocket-api/9.4.7.v20170914/websocket-api-9.4.7.v20170914.jar:/home/nells/.m2/repository/org/eclipse/jetty/websocket/websocket-client/9.4.7.v20170914/websocket-client-9.4.7.v20170914.jar:/home/nells/.m2/repository/org/eclipse/jetty/websocket/websocket-common/9.4.7.v20170914/websocket-common-9.4.7.v20170914.jar:/home/nells/.m2/repository/xalan/serializer/2.7.2/serializer-2.7.2.jar:/home/nells/.m2/repository/xalan/xalan/2.7.2/xalan-2.7.2.jar:/home/nells/.m2/repository/xerces/xercesImpl/2.11.0/xercesImpl-2.11.0.jar:/home/nells/.m2/repository/xml-apis/xml-apis/1.4.01/xml-apis-1.4.01.jar:/home/nells/.m2/repository/org/yaml/snakeyaml/1.19/snakeyaml-1.19.jar:/home/nells/.m2/repository/io/github/bonigarcia/webdrivermanager/3.7.1/webdrivermanager-3.7.1.jar:/home/nells/.m2/repository/org/rauschig/jarchivelib/1.0.0/jarchivelib-1.0.0.jar:/home/nells/.m2/repository/org/apache/commons/commons-compress/1.18/commons-compress-1.18.jar:/home/nells/.m2/repository/org/jsoup/jsoup/1.11.3/jsoup-1.11.3.jar:/home/nells/.m2/repository/junit/junit/4.12/junit-4.12.jar:/home/nells/.m2/repository/io/qameta/allure/allure-junit4/2.13.0/allure-junit4-2.13.0.jar:/home/nells/.m2/repository/org/slf4j/slf4j-api/1.7.5/slf4j-api-1.7.5.jar:/home/nells/.m2/repository/org/slf4j/slf4j-log4j12/1.7.5/slf4j-log4j12-1.7.5.jar:/home/nells/.m2/repository/log4j/log4j/1.2.17/log4j-1.2.17.jar:/home/nells/.m2/repository/org/hamcrest/hamcrest-all/1.3/hamcrest-all-1.3.jar:/home/nells/.m2/repository/org/slf4j/slf4j-simple/1.7.28/slf4j-simple-1.7.28.jar:/home/nells/.m2/repository/javax/xml/bind/jaxb-api/2.4.0-b180830.0359/jaxb-api-2.4.0-b180830.0359.jar:/home/nells/.m2/repository/javax/activation/javax.activation-api/1.2.0/javax.activation-api-1.2.0.jar:/home/nells/.m2/repository/ru/yandex/qatools/allure/allure-junit-adaptor/1.4.23/allure-junit-adaptor-1.4.23.jar:/home/nells/.m2/repository/ru/yandex/qatools/allure/allure-java-aspects/1.4.23/allure-java-aspects-1.4.23.jar:/home/nells/.m2/repository/ru/yandex/qatools/allure/allure-java-adaptor-api/1.4.23/allure-java-adaptor-api-1.4.23.jar:/home/nells/.m2/repository/ru/yandex/qatools/allure/allure-java-annotations/1.4.23/allure-java-annotations-1.4.23.jar:/home/nells/.m2/repository/ru/yandex/qatools/allure/allure-model/1.4.23/allure-model-1.4.23.jar:/home/nells/.m2/repository/org/jvnet/jaxb2_commons/jaxb2-basics-runtime/0.9.3/jaxb2-basics-runtime-0.9.3.jar:/home/nells/.m2/repository/ru/yandex/qatools/properties/properties-loader/1.5/properties-loader-1.5.jar:/home/nells/.m2/repository/commons-beanutils/commons-beanutils-core/1.8.3/commons-beanutils-core-1.8.3.jar:/home/nells/.m2/repository/org/aspectj/aspectjrt/1.8.3/aspectjrt-1.8.3.jar:/home/nells/.m2/repository/io/qameta/allure/allure-java-commons/2.13.0/allure-java-commons-2.13.0.jar:/home/nells/.m2/repository/io/qameta/allure/allure-model/2.13.0/allure-model-2.13.0.jar:/home/nells/.m2/repository/com/fasterxml/jackson/core/jackson-databind/2.9.8/jackson-databind-2.9.8.jar:/home/nells/.m2/repository/com/fasterxml/jackson/core/jackson-annotations/2.9.0/jackson-annotations-2.9.0.jar:/home/nells/.m2/repository/com/fasterxml/jackson/core/jackson-core/2.9.8/jackson-core-2.9.8.jar:/home/nells/.m2/repository/org/apache/tika/tika-core/1.20/tika-core-1.20.jar:/home/nells/.m2/repository/org/jooq/joor-java-8/0.9.10/joor-java-8-0.9.10.jar:"/>
    <property name="java.vm.vendor" value="Ubuntu"/>
    <property name="sun.arch.data.model" value="64"/>
    <property name="java.vendor.url" value="https://ubuntu.com/"/>
    <property name="user.timezone" value=""/>
    <property name="java.vm.specification.version" value="11"/>
    <property name="os.name" value="Linux"/>
    <property name="sun.java.launcher" value="SUN_STANDARD"/>
    <property name="user.country" value="RU"/>
    <property name="sun.boot.library.path" value="/usr/lib/jvm/java-11-openjdk-amd64/lib"/>
    <property name="sun.java.command" value="/home/nells/study/steam-java-tests-example/target/surefire/surefirebooter13535919907051590483.jar /home/nells/study/steam-java-tests-example/target/surefire 2019-10-11T04-18-57_114-jvmRun1 surefire7312515315392674623tmp surefire_012645484014565535931tmp"/>
    <property name="jdk.debug" value="release"/>
    <property name="surefire.test.class.path" value="/home/nells/study/steam-java-tests-example/target/test-classes:/home/nells/study/steam-java-tests-example/target/classes:/home/nells/.m2/repository/io/rest-assured/rest-assured/3.1.0/rest-assured-3.1.0.jar:/home/nells/.m2/repository/org/codehaus/groovy/groovy/2.4.12/groovy-2.4.12.jar:/home/nells/.m2/repository/org/codehaus/groovy/groovy-xml/2.4.12/groovy-xml-2.4.12.jar:/home/nells/.m2/repository/org/apache/httpcomponents/httpclient/4.5.3/httpclient-4.5.3.jar:/home/nells/.m2/repository/org/apache/httpcomponents/httpmime/4.5.1/httpmime-4.5.1.jar:/home/nells/.m2/repository/org/hamcrest/hamcrest-core/1.3/hamcrest-core-1.3.jar:/home/nells/.m2/repository/org/hamcrest/hamcrest-library/1.3/hamcrest-library-1.3.jar:/home/nells/.m2/repository/org/ccil/cowan/tagsoup/tagsoup/1.2.1/tagsoup-1.2.1.jar:/home/nells/.m2/repository/io/rest-assured/json-path/3.1.0/json-path-3.1.0.jar:/home/nells/.m2/repository/org/codehaus/groovy/groovy-json/2.4.12/groovy-json-2.4.12.jar:/home/nells/.m2/repository/io/rest-assured/rest-assured-common/3.1.0/rest-assured-common-3.1.0.jar:/home/nells/.m2/repository/io/rest-assured/xml-path/3.1.0/xml-path-3.1.0.jar:/home/nells/.m2/repository/org/json/json/20180130/json-20180130.jar:/home/nells/.m2/repository/com/jayway/restassured/rest-assured/2.9.0/rest-assured-2.9.0.jar:/home/nells/.m2/repository/com/jayway/restassured/json-path/2.9.0/json-path-2.9.0.jar:/home/nells/.m2/repository/com/jayway/restassured/rest-assured-common/2.9.0/rest-assured-common-2.9.0.jar:/home/nells/.m2/repository/com/jayway/restassured/xml-path/2.9.0/xml-path-2.9.0.jar:/home/nells/.m2/repository/org/seleniumhq/selenium/selenium-server/3.9.1/selenium-server-3.9.1.jar:/home/nells/.m2/repository/org/seleniumhq/selenium/selenium-java/3.9.1/selenium-java-3.9.1.jar:/home/nells/.m2/repository/org/seleniumhq/selenium/selenium-api/3.9.1/selenium-api-3.9.1.jar:/home/nells/.m2/repository/org/seleniumhq/selenium/selenium-chrome-driver/3.9.1/selenium-chrome-driver-3.9.1.jar:/home/nells/.m2/repository/org/seleniumhq/selenium/selenium-edge-driver/3.9.1/selenium-edge-driver-3.9.1.jar:/home/nells/.m2/repository/org/seleniumhq/selenium/selenium-firefox-driver/3.9.1/selenium-firefox-driver-3.9.1.jar:/home/nells/.m2/repository/org/seleniumhq/selenium/selenium-ie-driver/3.9.1/selenium-ie-driver-3.9.1.jar:/home/nells/.m2/repository/org/seleniumhq/selenium/selenium-opera-driver/3.9.1/selenium-opera-driver-3.9.1.jar:/home/nells/.m2/repository/org/seleniumhq/selenium/selenium-remote-driver/3.9.1/selenium-remote-driver-3.9.1.jar:/home/nells/.m2/repository/org/seleniumhq/selenium/selenium-safari-driver/3.9.1/selenium-safari-driver-3.9.1.jar:/home/nells/.m2/repository/org/seleniumhq/selenium/selenium-support/3.9.1/selenium-support-3.9.1.jar:/home/nells/.m2/repository/com/beust/jcommander/1.72/jcommander-1.72.jar:/home/nells/.m2/repository/net/bytebuddy/byte-buddy/1.7.9/byte-buddy-1.7.9.jar:/home/nells/.m2/repository/org/apache/commons/commons-exec/1.3/commons-exec-1.3.jar:/home/nells/.m2/repository/org/apache/commons/commons-lang3/3.7/commons-lang3-3.7.jar:/home/nells/.m2/repository/org/apache/commons/commons-text/1.1/commons-text-1.1.jar:/home/nells/.m2/repository/commons-codec/commons-codec/1.10/commons-codec-1.10.jar:/home/nells/.m2/repository/commons-io/commons-io/2.6/commons-io-2.6.jar:/home/nells/.m2/repository/commons-logging/commons-logging/1.2/commons-logging-1.2.jar:/home/nells/.m2/repository/commons-net/commons-net/3.6/commons-net-3.6.jar:/home/nells/.m2/repository/org/w3c/css/sac/1.3/sac-1.3.jar:/home/nells/.m2/repository/net/sourceforge/cssparser/cssparser/0.9.24/cssparser-0.9.24.jar:/home/nells/.m2/repository/com/google/code/gson/gson/2.8.2/gson-2.8.2.jar:/home/nells/.m2/repository/com/google/guava/guava/23.6-jre/guava-23.6-jre.jar:/home/nells/.m2/repository/com/google/code/findbugs/jsr305/1.3.9/jsr305-1.3.9.jar:/home/nells/.m2/repository/org/checkerframework/checker-compat-qual/2.0.0/checker-compat-qual-2.0.0.jar:/home/nells/.m2/repository/com/google/errorprone/error_prone_annotations/2.1.3/error_prone_annotations-2.1.3.jar:/home/nells/.m2/repository/com/google/j2objc/j2objc-annotations/1.1/j2objc-annotations-1.1.jar:/home/nells/.m2/repository/org/codehaus/mojo/animal-sniffer-annotations/1.14/animal-sniffer-annotations-1.14.jar:/home/nells/.m2/repository/net/sourceforge/htmlunit/htmlunit/2.29/htmlunit-2.29.jar:/home/nells/.m2/repository/net/sourceforge/htmlunit/htmlunit-core-js/2.28/htmlunit-core-js-2.28.jar:/home/nells/.m2/repository/net/sourceforge/htmlunit/neko-htmlunit/2.28/neko-htmlunit-2.28.jar:/home/nells/.m2/repository/org/apache/httpcomponents/httpcore/4.4.6/httpcore-4.4.6.jar:/home/nells/.m2/repository/net/jcip/jcip-annotations/1.0/jcip-annotations-1.0.jar:/home/nells/.m2/repository/org/seleniumhq/selenium/jetty-repacked/9.4.7.v20171121/jetty-repacked-9.4.7.v20171121.jar:/home/nells/.m2/repository/org/eclipse/jetty/jetty-client/9.4.7.v20170914/jetty-client-9.4.7.v20170914.jar:/home/nells/.m2/repository/org/eclipse/jetty/jetty-http/9.4.8.v20171121/jetty-http-9.4.8.v20171121.jar:/home/nells/.m2/repository/org/eclipse/jetty/jetty-io/9.4.8.v20171121/jetty-io-9.4.8.v20171121.jar:/home/nells/.m2/repository/org/eclipse/jetty/jetty-util/9.4.8.v20171121/jetty-util-9.4.8.v20171121.jar:/home/nells/.m2/repository/org/eclipse/jetty/jetty-xml/9.4.7.v20170914/jetty-xml-9.4.7.v20170914.jar:/home/nells/.m2/repository/com/squareup/okhttp3/okhttp/3.9.1/okhttp-3.9.1.jar:/home/nells/.m2/repository/com/squareup/okio/okio/1.13.0/okio-1.13.0.jar:/home/nells/.m2/repository/org/seleniumhq/selenium/htmlunit-driver/2.29.0/htmlunit-driver-2.29.0.jar:/home/nells/.m2/repository/javax/servlet/javax.servlet-api/3.1.0/javax.servlet-api-3.1.0.jar:/home/nells/.m2/repository/org/eclipse/jetty/websocket/websocket-api/9.4.7.v20170914/websocket-api-9.4.7.v20170914.jar:/home/nells/.m2/repository/org/eclipse/jetty/websocket/websocket-client/9.4.7.v20170914/websocket-client-9.4.7.v20170914.jar:/home/nells/.m2/repository/org/eclipse/jetty/websocket/websocket-common/9.4.7.v20170914/websocket-common-9.4.7.v20170914.jar:/home/nells/.m2/repository/xalan/serializer/2.7.2/serializer-2.7.2.jar:/home/nells/.m2/repository/xalan/xalan/2.7.2/xalan-2.7.2.jar:/home/nells/.m2/repository/xerces/xercesImpl/2.11.0/xercesImpl-2.11.0.jar:/home/nells/.m2/repository/xml-apis/xml-apis/1.4.01/xml-apis-1.4.01.jar:/home/nells/.m2/repository/org/yaml/snakeyaml/1.19/snakeyaml-1.19.jar:/home/nells/.m2/repository/io/github/bonigarcia/webdrivermanager/3.7.1/webdrivermanager-3.7.1.jar:/home/nells/.m2/repository/org/rauschig/jarchivelib/1.0.0/jarchivelib-1.0.0.jar:/home/nells/.m2/repository/org/apache/commons/commons-compress/1.18/commons-compress-1.18.jar:/home/nells/.m2/repository/org/jsoup/jsoup/1.11.3/jsoup-1.11.3.jar:/home/nells/.m2/repository/junit/junit/4.12/junit-4.12.jar:/home/nells/.m2/repository/io/qameta/allure/allure-junit4/2.13.0/allure-junit4-2.13.0.jar:/home/nells/.m2/repository/org/slf4j/slf4j-api/1.7.5/slf4j-api-1.7.5.jar:/home/nells/.m2/repository/org/slf4j/slf4j-log4j12/1.7.5/slf4j-log4j12-1.7.5.jar:/home/nells/.m2/repository/log4j/log4j/1.2.17/log4j-1.2.17.jar:/home/nells/.m2/repository/org/hamcrest/hamcrest-all/1.3/hamcrest-all-1.3.jar:/home/nells/.m2/repository/org/slf4j/slf4j-simple/1.7.28/slf4j-simple-1.7.28.jar:/home/nells/.m2/repository/javax/xml/bind/jaxb-api/2.4.0-b180830.0359/jaxb-api-2.4.0-b180830.0359.jar:/home/nells/.m2/repository/javax/activation/javax.activation-api/1.2.0/javax.activation-api-1.2.0.jar:/home/nells/.m2/repository/ru/yandex/qatools/allure/allure-junit-adaptor/1.4.23/allure-junit-adaptor-1.4.23.jar:/home/nells/.m2/repository/ru/yandex/qatools/allure/allure-java-aspects/1.4.23/allure-java-aspects-1.4.23.jar:/home/nells/.m2/repository/ru/yandex/qatools/allure/allure-java-adaptor-api/1.4.23/allure-java-adaptor-api-1.4.23.jar:/home/nells/.m2/repository/ru/yandex/qatools/allure/allure-java-annotations/1.4.23/allure-java-annotations-1.4.23.jar:/home/nells/.m2/repository/ru/yandex/qatools/allure/allure-model/1.4.23/allure-model-1.4.23.jar:/home/nells/.m2/repository/org/jvnet/jaxb2_commons/jaxb2-basics-runtime/0.9.3/jaxb2-basics-runtime-0.9.3.jar:/home/nells/.m2/repository/ru/yandex/qatools/properties/properties-loader/1.5/properties-loader-1.5.jar:/home/nells/.m2/repository/commons-beanutils/commons-beanutils-core/1.8.3/commons-beanutils-core-1.8.3.jar:/home/nells/.m2/repository/org/aspectj/aspectjrt/1.8.3/aspectjrt-1.8.3.jar:/home/nells/.m2/repository/io/qameta/allure/allure-java-commons/2.13.0/allure-java-commons-2.13.0.jar:/home/nells/.m2/repository/io/qameta/allure/allure-model/2.13.0/allure-model-2.13.0.jar:/home/nells/.m2/repository/com/fasterxml/jackson/core/jackson-databind/2.9.8/jackson-databind-2.9.8.jar:/home/nells/.m2/repository/com/fasterxml/jackson/core/jackson-annotations/2.9.0/jackson-annotations-2.9.0.jar:/home/nells/.m2/repository/com/fasterxml/jackson/core/jackson-core/2.9.8/jackson-core-2.9.8.jar:/home/nells/.m2/repository/org/apache/tika/tika-core/1.20/tika-core-1.20.jar:/home/nells/.m2/repository/org/jooq/joor-java-8/0.9.10/joor-java-8-0.9.10.jar:"/>
    <property name="allure.results.directory" value="/home/nells/study/steam-java-tests-example/src/test/java/com/resources/allure/data"/>
    <property name="sun.cpu.endian" value="little"/>
    <property name="user.home" value="/home/nells"/>
    <property name="user.language" value="ru"/>
    <property name="java.specification.vendor" value="Oracle Corporation"/>
    <property name="java.version.date" value="2019-07-16"/>
    <property name="java.home" value="/usr/lib/jvm/java-11-openjdk-amd64"/>
    <property name="file.separator" value="/"/>
    <property name="basedir" value="/home/nells/study/steam-java-tests-example"/>
    <property name="java.vm.compressedOopsMode" value="Zero based"/>
    <property name="line.separator" value="&#10;"/>
    <property name="java.specification.name" value="Java Platform API Specification"/>
    <property name="java.vm.specification.vendor" value="Oracle Corporation"/>
    <property name="java.awt.graphicsenv" value="sun.awt.X11GraphicsEnvironment"/>
    <property name="surefire.real.class.path" value="/home/nells/study/steam-java-tests-example/target/surefire/surefirebooter13535919907051590483.jar"/>
    <property name="sun.management.compiler" value="HotSpot 64-Bit Tiered Compilers"/>
    <property name="java.runtime.version" value="11.0.4+11-post-Ubuntu-1ubuntu218.04.3"/>
    <property name="user.name" value="nells"/>
    <property name="path.separator" value=":"/>
    <property name="os.version" value="5.0.0-29-generic"/>
    <property name="java.runtime.name" value="OpenJDK Runtime Environment"/>
    <property name="file.encoding" value="UTF-8"/>
    <property name="java.vm.name" value="OpenJDK 64-Bit Server VM"/>
    <property name="localRepository" value="/home/nells/.m2/repository"/>
    <property name="java.vendor.url.bug" value="https://bugs.launchpad.net/ubuntu/+source/openjdk-lts"/>
    <property name="java.io.tmpdir" value="/tmp"/>
    <property name="java.version" value="11.0.4"/>
    <property name="user.dir" value="/home/nells/study/steam-java-tests-example"/>
    <property name="os.arch" value="amd64"/>
    <property name="java.vm.specification.name" value="Java Virtual Machine Specification"/>
    <property name="java.awt.printerjob" value="sun.print.PSPrinterJob"/>
    <property name="sun.os.patch.level" value="unknown"/>
    <property name="java.library.path" value="/usr/java/packages/lib:/usr/lib/x86_64-linux-gnu/jni:/lib/x86_64-linux-gnu:/usr/lib/x86_64-linux-gnu:/usr/lib/jni:/lib:/usr/lib"/>
    <property name="java.vendor" value="Ubuntu"/>
    <property name="java.vm.info" value="mixed mode, sharing"/>
    <property name="java.vm.version" value="11.0.4+11-post-Ubuntu-1ubuntu218.04.3"/>
    <property name="sun.io.unicode.encoding" value="UnicodeLittle"/>
    <property name="java.class.version" value="55.0"/>
  </properties>
  <testcase name="testHttpBinOnlinePost" classname="com.apitests.backend.HttpBinApiTests" time="9.937"/>
  <testcase name="testHttpBinOnlineGet" classname="com.apitests.backend.HttpBinApiTests" time="0.398"/>
  <testcase name="testHttpBinOnlinePut" classname="com.apitests.backend.HttpBinApiTests" time="1.566"/>
</testsuite>